<?xml version="1.0" encoding="UTF-8"?>
<!-- Generated by org.testng.reporters.JUnitXMLReporter -->
<testsuite ignored="0" hostname="sridhar" failures="0" tests="6" name="Test" time="0.061" errors="0" timestamp="2020-07-15T14:33:40 IST">
  <testcase classname="seleniumAcademy.mavenjaja.AppiumTest" name="deleteTwitter" time="0.005"/>
  <testcase classname="seleniumAcademy.mavenjaja.AppiumTest" name="postJar" time="0.0"/>
  <testcase classname="seleniumAcademy.mavenjaja.RESTAPITest" name="browserAutomation" time="0.001"/>
  <testcase classname="seleniumAcademy.mavenjaja.RESTAPITest" name="elementUi" time="0.001"/>
  <testcase classname="seleniumAcademy.mavenjaja.SeleniumTest" name="malware" time="0.0"/>
  <testcase classname="seleniumAcademy.mavenjaja.SeleniumTest" name="nativeAndroidApp" time="0.0"/>
</testsuite> <!-- Test -->
