<?xml version="1.0" encoding="UTF-8"?>
<testng-results ignored="0" total="2" passed="2" failed="0" skipped="0">
  <reporter-output>
  </reporter-output>
  <suite started-at="2020-07-15T12:27:50 IST" name="Default suite" finished-at="2020-07-15T12:27:50 IST" duration-ms="154">
    <groups>
    </groups>
    <test started-at="2020-07-15T12:27:50 IST" name="Default test" finished-at="2020-07-15T12:27:50 IST" duration-ms="154">
      <class name="seleniumAcademy.mavenjaja.AppiumTest">
        <test-method signature="deleteTwitter()[pri:0, instance:seleniumAcademy.mavenjaja.AppiumTest@4df50bcc]" started-at="2020-07-15T12:27:50 IST" name="deleteTwitter" finished-at="2020-07-15T12:27:50 IST" duration-ms="11" status="PASS">
          <reporter-output>
          </reporter-output>
        </test-method> <!-- deleteTwitter -->
        <test-method signature="postJar()[pri:0, instance:seleniumAcademy.mavenjaja.AppiumTest@4df50bcc]" started-at="2020-07-15T12:27:50 IST" name="postJar" finished-at="2020-07-15T12:27:50 IST" duration-ms="2" status="PASS">
          <reporter-output>
          </reporter-output>
        </test-method> <!-- postJar -->
      </class> <!-- seleniumAcademy.mavenjaja.AppiumTest -->
    </test> <!-- Default test -->
  </suite> <!-- Default suite -->
</testng-results>
